<?xml version="1.0" encoding="UTF-8"?>
<!-- Generated by org.testng.reporters.JUnitXMLReporter -->
<testsuite hostname="SLKGROUPGB-L107" name="Test" tests="1" failures="1" timestamp="5 Jun 2019 06:33:24 GMT" time="9.72" errors="0">
  <testcase name="testWelcomePage" time="0.173" classname="org.testcases.TestWelcomePage">
    <failure type="java.lang.AssertionError" message="null">
      <![CDATA[java.lang.AssertionError: null
	at org.testcases.TestWelcomePage.testWelcomePage(TestWelcomePage.java:21)
... Removed 26 stack frames]]>
    </failure>
  </testcase> <!-- testWelcomePage -->
</testsuite> <!-- Test -->
