<?xml version="1.0" encoding="UTF-8"?>
<!-- Generated by org.testng.reporters.JUnitXMLReporter -->
<testsuite hostname="SLKGROUPGB-L107" ignored="1" name="Test" tests="2" failures="2" timestamp="05 Jun 2019 07:27:29 GMT" time="22.542" errors="0">
  <testcase name="testWelcomePage" time="2.764" classname="org.testcases.TestWelcomePage">
    <failure type="java.lang.AssertionError" message="The following asserts failed:
	expected [Smarts Prop] but found [Smart Prop],
	expected [Smarts Prop] but found [Smart Prop]">
      <![CDATA[java.lang.AssertionError: The following asserts failed:
expected [Smarts Prop] but found [Smart Prop],
expected [Smarts Prop] but found [Smart Prop]
at org.testcases.TestWelcomePage.testWelcomePage(TestWelcomePage.java:32)
... Removed 30 stack frames]]>
    </failure>
  </testcase> <!-- testWelcomePage -->
  <testcase name="testWelcomePage" time="0.011" classname="org.testcases.TestUrl">
    <failure type="java.lang.AssertionError" message="The following asserts failed:
	expected [Smarts Prop] but found [Smart Prop]">
      <![CDATA[java.lang.AssertionError: The following asserts failed:
expected [Smarts Prop] but found [Smart Prop]
at org.testcases.TestUrl.testWelcomePage(TestUrl.java:17)
... Removed 30 stack frames]]>
    </failure>
  </testcase> <!-- testWelcomePage -->
  <testcase name="@BeforeTest initialize" time="0.0" classname="org.generic.BaseClass">
    <ignored/>
  </testcase> <!-- @BeforeTest initialize -->
</testsuite> <!-- Test -->
