<?xml version="1.0" encoding="UTF-8"?>
<!-- Generated by org.testng.reporters.JUnitXMLReporter -->
<testsuite hostname="SLKGROUPGB-L107" name="Test(failed)" tests="1" failures="1" timestamp="5 Jun 2019 07:01:23 GMT" time="10.211" errors="0">
  <testcase name="testWelcomePage" time="0.19" classname="org.testcases.TestWelcomePage">
    <failure type="java.lang.AssertionError" message="null">
      <![CDATA[java.lang.AssertionError: null
	at org.testcases.TestWelcomePage.testWelcomePage(TestWelcomePage.java:21)
... Removed 26 stack frames]]>
    </failure>
  </testcase> <!-- testWelcomePage -->
</testsuite> <!-- Test(failed) -->
