<?xml version="1.0" encoding="UTF-8"?>
<testsuite xmlns:xsi="http://www.w3.org/2001/XMLSchema-instance" xsi:noNamespaceSchemaLocation="https://maven.apache.org/surefire/maven-surefire-plugin/xsd/surefire-test-report-3.0.xsd" version="3.0" name="TestSuite" time="23.403" tests="2" errors="0" skipped="0" failures="2">
  <properties>
[...]
</properties>
  <testcase name="testWelcomePage" classname="org.testcases.TestWelcomePage" time="2.77">
    <failure message="The following asserts failed:&#10;	expected [Smarts Prop] but found [Smart Prop],&#10;	expected [Smarts Prop] but found [Smart Prop]" type="java.lang.AssertionError">java.lang.AssertionError: 
The following asserts failed:
	expected [Smarts Prop] but found [Smart Prop],
	expected [Smarts Prop] but found [Smart Prop]
	at org.testcases.TestWelcomePage.testWelcomePage(TestWelcomePage.java:32)
</failure>
    <system-err><![CDATA[log4j:WARN No appenders could be found for logger (MiFrameWork Logs).
log4j:WARN Please initialize the log4j system properly.
log4j:WARN See http://logging.apache.org/log4j/1.2/faq.html#noconfig for more info.
Starting ChromeDriver 74.0.3729.6 (255758eccf3d244491b8a1317aa76e1ce10d57e9-refs/branch-heads/3729@{#29}) on port 37466
Only local connections are allowed.
Please protect ports used by ChromeDriver and related test frameworks to prevent access by malicious code.
Jun 05, 2019 12:57:12 PM org.openqa.selenium.remote.ProtocolHandshake createSession
INFO: Detected dialect: OSS
]]></system-err>
  </testcase>
  <testcase name="testWelcomePage" classname="org.testcases.TestUrl" time="0.009">
    <failure message="The following asserts failed:&#10;	expected [Smarts Prop] but found [Smart Prop]" type="java.lang.AssertionError">java.lang.AssertionError: 
The following asserts failed:
	expected [Smarts Prop] but found [Smart Prop]
	at org.testcases.TestUrl.testWelcomePage(TestUrl.java:17)
</failure>
    <system-out><![CDATA[Wed_Jun_05_12_57_18_IST_2019
]]></system-out>
    <system-err><![CDATA[Starting ChromeDriver 74.0.3729.6 (255758eccf3d244491b8a1317aa76e1ce10d57e9-refs/branch-heads/3729@{#29}) on port 7757
Only local connections are allowed.
Please protect ports used by ChromeDriver and related test frameworks to prevent access by malicious code.
Jun 05, 2019 12:57:25 PM org.openqa.selenium.remote.ProtocolHandshake createSession
INFO: Detected dialect: OSS
]]></system-err>
  </testcase>
</testsuite>